\BOOKMARK [1][-]{Doc-Start}{Agradecimentos}{}% 1
\BOOKMARK [1][-]{Doc-Start}{Resumo}{}% 2
\BOOKMARK [1][-]{Doc-Start}{Abstract}{}% 3
\BOOKMARK [1][-]{Doc-Start}{Lista de Figuras}{}% 4
\BOOKMARK [1][-]{Doc-Start}{Lista de Tabelas}{}% 5
\BOOKMARK [1][-]{Doc-Start}{Lista de Abreviaturas e Siglas}{}% 6
\BOOKMARK [1][-]{Doc-Start}{Lista de S\355mbolos}{}% 7
\BOOKMARK [1][-]{section.1}{Introdu\347\343o}{}% 8
\BOOKMARK [1][-]{section.2}{Revis\343o Bibliogr\341fica}{}% 9
\BOOKMARK [2][-]{subsection.2.1}{Fundamenta\347\343o Te\363rica}{section.2}% 10
\BOOKMARK [2][-]{subsection.2.2}{Estado da Arte}{section.2}% 11
\BOOKMARK [1][-]{section.3}{Especifica\347\343o e montagem do prot\363tipo}{}% 12
\BOOKMARK [1][-]{section.4}{Desenvolvimento Te\363rico}{}% 13
\BOOKMARK [1][-]{section.5}{Implementa\347\343o dos algoritmos}{}% 14
\BOOKMARK [1][-]{section.6}{Avalia\347\343o experimental}{}% 15
\BOOKMARK [1][-]{section.7}{Resultados}{}% 16
\BOOKMARK [1][-]{section.8}{Conclus\343o e Trabalhos Futuros}{}% 17
\BOOKMARK [1][-]{section.9}{Refer\352ncias}{}% 18
\BOOKMARK [1][-]{section.9}{Ap\352ndices}{}% 19
\BOOKMARK [2][-]{subsection.9.1}{Custo dos componentes utilizados}{section.9}% 20
