Determining if the pthread_create exist failed with the following output:
Change Dir: /home/edc/Dropbox/UFRGS/TCC/utils/OpenBase-master/plugin/demo/build/CMakeFiles/CMakeTmp

Run Build Command:"/usr/bin/make" "cmTC_1db6f/fast"
/usr/bin/make -f CMakeFiles/cmTC_1db6f.dir/build.make CMakeFiles/cmTC_1db6f.dir/build
make[1]: Entering directory '/mnt/501370DA3135A075/Dropbox/UFRGS/TCC/utils/OpenBase-master/plugin/demo/build/CMakeFiles/CMakeTmp'
Building C object CMakeFiles/cmTC_1db6f.dir/CheckSymbolExists.c.o
/usr/bin/cc     -o CMakeFiles/cmTC_1db6f.dir/CheckSymbolExists.c.o   -c /home/edc/Dropbox/UFRGS/TCC/utils/OpenBase-master/plugin/demo/build/CMakeFiles/CMakeTmp/CheckSymbolExists.c
Linking C executable cmTC_1db6f
/usr/bin/cmake -E cmake_link_script CMakeFiles/cmTC_1db6f.dir/link.txt --verbose=1
/usr/bin/cc       CMakeFiles/cmTC_1db6f.dir/CheckSymbolExists.c.o  -o cmTC_1db6f -rdynamic 
CMakeFiles/cmTC_1db6f.dir/CheckSymbolExists.c.o: In function `main':
CheckSymbolExists.c:(.text+0x1b): undefined reference to `pthread_create'
collect2: error: ld returned 1 exit status
CMakeFiles/cmTC_1db6f.dir/build.make:97: recipe for target 'cmTC_1db6f' failed
make[1]: *** [cmTC_1db6f] Error 1
make[1]: Leaving directory '/mnt/501370DA3135A075/Dropbox/UFRGS/TCC/utils/OpenBase-master/plugin/demo/build/CMakeFiles/CMakeTmp'
Makefile:126: recipe for target 'cmTC_1db6f/fast' failed
make: *** [cmTC_1db6f/fast] Error 2

File /home/edc/Dropbox/UFRGS/TCC/utils/OpenBase-master/plugin/demo/build/CMakeFiles/CMakeTmp/CheckSymbolExists.c:
/* */
#include <pthread.h>

int main(int argc, char** argv)
{
  (void)argv;
#ifndef pthread_create
  return ((int*)(&pthread_create))[argc];
#else
  (void)argc;
  return 0;
#endif
}

Determining if the function pthread_create exists in the pthreads failed with the following output:
Change Dir: /home/edc/Dropbox/UFRGS/TCC/utils/OpenBase-master/plugin/demo/build/CMakeFiles/CMakeTmp

Run Build Command:"/usr/bin/make" "cmTC_0d329/fast"
/usr/bin/make -f CMakeFiles/cmTC_0d329.dir/build.make CMakeFiles/cmTC_0d329.dir/build
make[1]: Entering directory '/mnt/501370DA3135A075/Dropbox/UFRGS/TCC/utils/OpenBase-master/plugin/demo/build/CMakeFiles/CMakeTmp'
Building C object CMakeFiles/cmTC_0d329.dir/CheckFunctionExists.c.o
/usr/bin/cc    -DCHECK_FUNCTION_EXISTS=pthread_create   -o CMakeFiles/cmTC_0d329.dir/CheckFunctionExists.c.o   -c /usr/share/cmake-3.7/Modules/CheckFunctionExists.c
Linking C executable cmTC_0d329
/usr/bin/cmake -E cmake_link_script CMakeFiles/cmTC_0d329.dir/link.txt --verbose=1
/usr/bin/cc   -DCHECK_FUNCTION_EXISTS=pthread_create    CMakeFiles/cmTC_0d329.dir/CheckFunctionExists.c.o  -o cmTC_0d329 -rdynamic -lpthreads 
/usr/bin/ld: cannot find -lpthreads
collect2: error: ld returned 1 exit status
CMakeFiles/cmTC_0d329.dir/build.make:97: recipe for target 'cmTC_0d329' failed
make[1]: *** [cmTC_0d329] Error 1
make[1]: Leaving directory '/mnt/501370DA3135A075/Dropbox/UFRGS/TCC/utils/OpenBase-master/plugin/demo/build/CMakeFiles/CMakeTmp'
Makefile:126: recipe for target 'cmTC_0d329/fast' failed
make: *** [cmTC_0d329/fast] Error 2


